Started by user [8mha:////4KtGehsvflfNrEG1q4K6Oa1rqLjCppc9Y4Tl6vbkTpCCAAAAmx+LCAAAAAAAAP9b85aBtbiIQTGjNKU4P08vOT+vOD8nVc83PyU1x6OyILUoJzMv2y+/JJUBAhiZGBgqihhk0NSjKDWzXb3RdlLBUSYGJk8GtpzUvPSSDB8G5tKinBIGIZ+sxLJE/ZzEvHT94JKizLx0a6BxUmjGOUNodHsLgAzuEgZ+/dLi1CL9stS87MSS1OIMAGpz4oPEAAAA[0mVenkatesh Y
Running as SYSTEM
Building remotely on [8mha:////4NpNjSNb1SRnHElsJ71DfUL5gI8jiI0SE/mT3FoUGUg1AAAAoB+LCAAAAAAAAP9b85aBtbiIQTGjNKU4P08vOT+vOD8nVc83PyU1x6OyILUoJzMv2y+/JJUBAhiZGBgqihhk0NSjKDWzXb3RdlLBUSYGJk8GtpzUvPSSDB8G5tKinBIGIZ+sxLJE/ZzEvHT94JKizLx0a6BxUmjGOUNodHsLgAyuEgYR/eT83ILSktQifd/EstQ83SAPVx8AqpItv8kAAAA=[0mMaven-RHEL (maven docker) in workspace /home/jenkins/workspace/Valaxy-Project1
No credentials specified
 > git rev-parse --is-inside-work-tree # timeout=10
Fetching changes from the remote Git repository
 > git config remote.origin.url https://github.com/venkateshyadavali/hello-world.git # timeout=10
Fetching upstream changes from https://github.com/venkateshyadavali/hello-world.git
 > git --version # timeout=10
 > git fetch --tags --progress -- https://github.com/venkateshyadavali/hello-world.git +refs/heads/*:refs/remotes/origin/* # timeout=10
 > git rev-parse refs/remotes/origin/master^{commit} # timeout=10
 > git rev-parse refs/remotes/origin/origin/master^{commit} # timeout=10
Checking out Revision cd0b7eb4b1a918018a92fc1253d32dff7ced30a3 (refs/remotes/origin/master)
 > git config core.sparsecheckout # timeout=10
 > git checkout -f cd0b7eb4b1a918018a92fc1253d32dff7ced30a3 # timeout=10
Commit message: "Updated index.jsp with DevOps Image"
 > git rev-list --no-walk cd0b7eb4b1a918018a92fc1253d32dff7ced30a3 # timeout=10
[Valaxy-Project1] $ /bin/sh -xe /tmp/jenkins2114639450982445337.sh
+ mvn clean install
[INFO] Scanning for projects...
[WARNING] 
[WARNING] Some problems were encountered while building the effective model for com.example.maven-project:server:jar:1.0-SNAPSHOT
[WARNING] Reporting configuration should be done in <reporting> section, not in maven-site-plugin <configuration> as reportPlugins parameter.
[WARNING] 
[WARNING] Some problems were encountered while building the effective model for com.example.maven-project:webapp:war:1.0-SNAPSHOT
[WARNING] Reporting configuration should be done in <reporting> section, not in maven-site-plugin <configuration> as reportPlugins parameter.
[WARNING] 
[WARNING] Some problems were encountered while building the effective model for com.example.maven-project:maven-project:pom:1.0-SNAPSHOT
[WARNING] Reporting configuration should be done in <reporting> section, not in maven-site-plugin <configuration> as reportPlugins parameter. @ line 51, column 24
[WARNING] 
[WARNING] It is highly recommended to fix these problems because they threaten the stability of your build.
[WARNING] 
[WARNING] For this reason, future Maven versions might no longer support building such malformed projects.
[WARNING] 
[WARNING] The project com.example.maven-project:maven-project:pom:1.0-SNAPSHOT uses prerequisites which is only intended for maven-plugin projects but not for non maven-plugin projects. For such purposes you should use the maven-enforcer-plugin. See https://maven.apache.org/enforcer/enforcer-rules/requireMavenVersion.html
[INFO] ------------------------------------------------------------------------
[INFO] Reactor Build Order:
[INFO] 
[INFO] Maven Project                                                      [pom]
[INFO] Server                                                             [jar]
[INFO] Webapp                                                             [war]
[INFO] 
[INFO] --------------< com.example.maven-project:maven-project >---------------
[INFO] Building Maven Project 1.0-SNAPSHOT                                [1/3]
[INFO] --------------------------------[ pom ]---------------------------------
[INFO] 
[INFO] --- maven-clean-plugin:2.5:clean (default-clean) @ maven-project ---
[INFO] 
[INFO] --- maven-install-plugin:2.4:install (default-install) @ maven-project ---
[INFO] Installing /home/jenkins/workspace/Valaxy-Project1/pom.xml to /home/jenkins/.m2/repository/com/example/maven-project/maven-project/1.0-SNAPSHOT/maven-project-1.0-SNAPSHOT.pom
[INFO] 
[INFO] ------------------< com.example.maven-project:server >------------------
[INFO] Building Server 1.0-SNAPSHOT                                       [2/3]
[INFO] --------------------------------[ jar ]---------------------------------
[INFO] 
[INFO] --- maven-clean-plugin:2.5:clean (default-clean) @ server ---
[INFO] Deleting /home/jenkins/workspace/Valaxy-Project1/server/target
[INFO] 
[INFO] --- maven-resources-plugin:2.5:resources (default-resources) @ server ---
[debug] execute contextualize
[INFO] Using 'utf-8' encoding to copy filtered resources.
[INFO] skip non existing resourceDirectory /home/jenkins/workspace/Valaxy-Project1/server/src/main/resources
[INFO] 
[INFO] --- maven-compiler-plugin:2.3.2:compile (default-compile) @ server ---
[INFO] Compiling 1 source file to /home/jenkins/workspace/Valaxy-Project1/server/target/classes
[INFO] 
[INFO] --- maven-resources-plugin:2.5:testResources (default-testResources) @ server ---
[debug] execute contextualize
[INFO] Using 'utf-8' encoding to copy filtered resources.
[INFO] skip non existing resourceDirectory /home/jenkins/workspace/Valaxy-Project1/server/src/test/resources
[INFO] 
[INFO] --- maven-compiler-plugin:2.3.2:testCompile (default-testCompile) @ server ---
[INFO] Compiling 1 source file to /home/jenkins/workspace/Valaxy-Project1/server/target/test-classes
[INFO] 
[INFO] --- maven-surefire-plugin:2.11:test (default-test) @ server ---
[INFO] Surefire report directory: /home/jenkins/workspace/Valaxy-Project1/server/target/surefire-reports

-------------------------------------------------------
 T E S T S
-------------------------------------------------------
Running com.example.TestGreeter
Tests run: 2, Failures: 0, Errors: 0, Skipped: 0, Time elapsed: 0.047 sec

Results :

Tests run: 2, Failures: 0, Errors: 0, Skipped: 0

[INFO] 
[INFO] --- maven-jar-plugin:2.4:jar (default-jar) @ server ---
[INFO] Building jar: /home/jenkins/workspace/Valaxy-Project1/server/target/server.jar
[INFO] 
[INFO] --- maven-install-plugin:2.4:install (default-install) @ server ---
[INFO] Installing /home/jenkins/workspace/Valaxy-Project1/server/target/server.jar to /home/jenkins/.m2/repository/com/example/maven-project/server/1.0-SNAPSHOT/server-1.0-SNAPSHOT.jar
[INFO] Installing /home/jenkins/workspace/Valaxy-Project1/server/pom.xml to /home/jenkins/.m2/repository/com/example/maven-project/server/1.0-SNAPSHOT/server-1.0-SNAPSHOT.pom
[INFO] 
[INFO] ------------------< com.example.maven-project:webapp >------------------
[INFO] Building Webapp 1.0-SNAPSHOT                                       [3/3]
[INFO] --------------------------------[ war ]---------------------------------
[INFO] 
[INFO] --- maven-clean-plugin:2.5:clean (default-clean) @ webapp ---
[INFO] Deleting /home/jenkins/workspace/Valaxy-Project1/webapp/target
[INFO] 
[INFO] --- maven-resources-plugin:2.5:resources (default-resources) @ webapp ---
[debug] execute contextualize
[INFO] Using 'utf-8' encoding to copy filtered resources.
[INFO] skip non existing resourceDirectory /home/jenkins/workspace/Valaxy-Project1/webapp/src/main/resources
[INFO] 
[INFO] --- maven-compiler-plugin:2.3.2:compile (default-compile) @ webapp ---
[INFO] No sources to compile
[INFO] 
[INFO] --- maven-resources-plugin:2.5:testResources (default-testResources) @ webapp ---
[debug] execute contextualize
[INFO] Using 'utf-8' encoding to copy filtered resources.
[INFO] skip non existing resourceDirectory /home/jenkins/workspace/Valaxy-Project1/webapp/src/test/resources
[INFO] 
[INFO] --- maven-compiler-plugin:2.3.2:testCompile (default-testCompile) @ webapp ---
[INFO] No sources to compile
[INFO] 
[INFO] --- maven-surefire-plugin:2.11:test (default-test) @ webapp ---
[INFO] No tests to run.
[INFO] Surefire report directory: /home/jenkins/workspace/Valaxy-Project1/webapp/target/surefire-reports

-------------------------------------------------------
 T E S T S
-------------------------------------------------------

Results :

Tests run: 0, Failures: 0, Errors: 0, Skipped: 0

[INFO] 
[INFO] --- maven-war-plugin:2.2:war (default-war) @ webapp ---
[INFO] Packaging webapp
[INFO] Assembling webapp [webapp] in [/home/jenkins/workspace/Valaxy-Project1/webapp/target/webapp]
[INFO] Processing war project
[INFO] Copying webapp resources [/home/jenkins/workspace/Valaxy-Project1/webapp/src/main/webapp]
[INFO] Webapp assembled in [18 msecs]
[INFO] Building war: /home/jenkins/workspace/Valaxy-Project1/webapp/target/webapp.war
[INFO] WEB-INF/web.xml already added, skipping
[INFO] 
[INFO] --- maven-install-plugin:2.4:install (default-install) @ webapp ---
[INFO] Installing /home/jenkins/workspace/Valaxy-Project1/webapp/target/webapp.war to /home/jenkins/.m2/repository/com/example/maven-project/webapp/1.0-SNAPSHOT/webapp-1.0-SNAPSHOT.war
[INFO] Installing /home/jenkins/workspace/Valaxy-Project1/webapp/pom.xml to /home/jenkins/.m2/repository/com/example/maven-project/webapp/1.0-SNAPSHOT/webapp-1.0-SNAPSHOT.pom
[INFO] ------------------------------------------------------------------------
[INFO] Reactor Summary:
[INFO] 
[INFO] Maven Project 1.0-SNAPSHOT ......................... SUCCESS [  0.304 s]
[INFO] Server ............................................. SUCCESS [  1.714 s]
[INFO] Webapp 1.0-SNAPSHOT ................................ SUCCESS [  0.434 s]
[INFO] ------------------------------------------------------------------------
[INFO] BUILD SUCCESS
[INFO] ------------------------------------------------------------------------
[INFO] Total time: 2.569 s
[INFO] Finished at: 2020-05-11T05:53:45Z
[INFO] ------------------------------------------------------------------------
[DeployPublisher][INFO] Attempting to deploy 1 war file(s)
[DeployPublisher][INFO] Deploying /home/jenkins/workspace/Valaxy-Project1/webapp/target/webapp.war to container Tomcat 8.x Remote with context null
ERROR: Build step failed with exception
org.codehaus.cargo.container.ContainerException: Failed to redeploy [/home/jenkins/workspace/Valaxy-Project1/webapp/target/webapp.war]
	at org.codehaus.cargo.container.tomcat.internal.AbstractTomcatManagerDeployer.redeploy(AbstractTomcatManagerDeployer.java:188)
	at hudson.plugins.deploy.CargoContainerAdapter.deploy(CargoContainerAdapter.java:81)
	at hudson.plugins.deploy.CargoContainerAdapter$DeployCallable.invoke(CargoContainerAdapter.java:167)
	at hudson.plugins.deploy.CargoContainerAdapter$DeployCallable.invoke(CargoContainerAdapter.java:136)
	at hudson.FilePath$FileCallableWrapper.call(FilePath.java:3069)
	at hudson.remoting.UserRequest.perform(UserRequest.java:211)
	at hudson.remoting.UserRequest.perform(UserRequest.java:54)
	at hudson.remoting.Request$2.run(Request.java:369)
	at hudson.remoting.InterceptingExecutorService$1.call(InterceptingExecutorService.java:72)
	at java.util.concurrent.FutureTask.run(FutureTask.java:266)
	at java.util.concurrent.ThreadPoolExecutor.runWorker(ThreadPoolExecutor.java:1149)
	at java.util.concurrent.ThreadPoolExecutor$Worker.run(ThreadPoolExecutor.java:624)
	at java.lang.Thread.run(Thread.java:748)
	Suppressed: hudson.remoting.Channel$CallSiteStackTrace: Remote call to Maven-RHEL
		at hudson.remoting.Channel.attachCallSiteStackTrace(Channel.java:1788)
		at hudson.remoting.UserRequest$ExceptionResponse.retrieve(UserRequest.java:356)
		at hudson.remoting.Channel.call(Channel.java:998)
		at hudson.FilePath.act(FilePath.java:1069)
		at hudson.FilePath.act(FilePath.java:1058)
		at hudson.plugins.deploy.CargoContainerAdapter.redeployFile(CargoContainerAdapter.java:133)
		at hudson.plugins.deploy.PasswordProtectedAdapterCargo.redeployFile(PasswordProtectedAdapterCargo.java:95)
		at hudson.plugins.deploy.DeployPublisher.perform(DeployPublisher.java:113)
		at hudson.tasks.BuildStepCompatibilityLayer.perform(BuildStepCompatibilityLayer.java:78)
		at hudson.tasks.BuildStepMonitor$3.perform(BuildStepMonitor.java:45)
		at hudson.model.AbstractBuild$AbstractBuildExecution.perform(AbstractBuild.java:741)
		at hudson.model.AbstractBuild$AbstractBuildExecution.performAllBuildSteps(AbstractBuild.java:690)
		at hudson.model.Build$BuildExecution.post2(Build.java:186)
		at hudson.model.AbstractBuild$AbstractBuildExecution.post(AbstractBuild.java:635)
		at hudson.model.Run.execute(Run.java:1881)
		at hudson.model.FreeStyleBuild.run(FreeStyleBuild.java:43)
		at hudson.model.ResourceController.execute(ResourceController.java:97)
		at hudson.model.Executor.run(Executor.java:428)
Caused by: java.net.ConnectException: Connection refused (Connection refused)
	at java.net.PlainSocketImpl.socketConnect(Native Method)
	at java.net.AbstractPlainSocketImpl.doConnect(AbstractPlainSocketImpl.java:350)
	at java.net.AbstractPlainSocketImpl.connectToAddress(AbstractPlainSocketImpl.java:206)
	at java.net.AbstractPlainSocketImpl.connect(AbstractPlainSocketImpl.java:188)
	at java.net.SocksSocketImpl.connect(SocksSocketImpl.java:392)
	at java.net.Socket.connect(Socket.java:607)
	at java.net.Socket.connect(Socket.java:556)
	at sun.net.NetworkClient.doConnect(NetworkClient.java:180)
	at sun.net.www.http.HttpClient.openServer(HttpClient.java:463)
	at sun.net.www.http.HttpClient.openServer(HttpClient.java:558)
	at sun.net.www.http.HttpClient.<init>(HttpClient.java:242)
	at sun.net.www.http.HttpClient.New(HttpClient.java:339)
	at sun.net.www.http.HttpClient.New(HttpClient.java:357)
	at sun.net.www.protocol.http.HttpURLConnection.getNewHttpClient(HttpURLConnection.java:1226)
	at sun.net.www.protocol.http.HttpURLConnection.plainConnect0(HttpURLConnection.java:1162)
	at sun.net.www.protocol.http.HttpURLConnection.plainConnect(HttpURLConnection.java:1056)
	at sun.net.www.protocol.http.HttpURLConnection.connect(HttpURLConnection.java:990)
	at org.codehaus.cargo.container.tomcat.internal.TomcatManager.invoke(TomcatManager.java:567)
	at org.codehaus.cargo.container.tomcat.internal.TomcatManager.list(TomcatManager.java:882)
	at org.codehaus.cargo.container.tomcat.internal.TomcatManager.getStatus(TomcatManager.java:895)
	at org.codehaus.cargo.container.tomcat.internal.AbstractTomcatManagerDeployer.redeploy(AbstractTomcatManagerDeployer.java:169)
	... 12 more
java.net.ConnectException: Connection refused (Connection refused)
	at java.net.PlainSocketImpl.socketConnect(Native Method)
	at java.net.AbstractPlainSocketImpl.doConnect(AbstractPlainSocketImpl.java:350)
	at java.net.AbstractPlainSocketImpl.connectToAddress(AbstractPlainSocketImpl.java:206)
	at java.net.AbstractPlainSocketImpl.connect(AbstractPlainSocketImpl.java:188)
	at java.net.SocksSocketImpl.connect(SocksSocketImpl.java:392)
	at java.net.Socket.connect(Socket.java:607)
	at java.net.Socket.connect(Socket.java:556)
	at sun.net.NetworkClient.doConnect(NetworkClient.java:180)
	at sun.net.www.http.HttpClient.openServer(HttpClient.java:463)
	at sun.net.www.http.HttpClient.openServer(HttpClient.java:558)
	at sun.net.www.http.HttpClient.<init>(HttpClient.java:242)
	at sun.net.www.http.HttpClient.New(HttpClient.java:339)
	at sun.net.www.http.HttpClient.New(HttpClient.java:357)
	at sun.net.www.protocol.http.HttpURLConnection.getNewHttpClient(HttpURLConnection.java:1226)
	at sun.net.www.protocol.http.HttpURLConnection.plainConnect0(HttpURLConnection.java:1162)
	at sun.net.www.protocol.http.HttpURLConnection.plainConnect(HttpURLConnection.java:1056)
	at sun.net.www.protocol.http.HttpURLConnection.connect(HttpURLConnection.java:990)
	at org.codehaus.cargo.container.tomcat.internal.TomcatManager.invoke(TomcatManager.java:567)
	at org.codehaus.cargo.container.tomcat.internal.TomcatManager.list(TomcatManager.java:882)
	at org.codehaus.cargo.container.tomcat.internal.TomcatManager.getStatus(TomcatManager.java:895)
	at org.codehaus.cargo.container.tomcat.internal.AbstractTomcatManagerDeployer.redeploy(AbstractTomcatManagerDeployer.java:169)
	at hudson.plugins.deploy.CargoContainerAdapter.deploy(CargoContainerAdapter.java:81)
	at hudson.plugins.deploy.CargoContainerAdapter$DeployCallable.invoke(CargoContainerAdapter.java:167)
	at hudson.plugins.deploy.CargoContainerAdapter$DeployCallable.invoke(CargoContainerAdapter.java:136)
	at hudson.FilePath$FileCallableWrapper.call(FilePath.java:3069)
	at hudson.remoting.UserRequest.perform(UserRequest.java:211)
	at hudson.remoting.UserRequest.perform(UserRequest.java:54)
	at hudson.remoting.Request$2.run(Request.java:369)
	at hudson.remoting.InterceptingExecutorService$1.call(InterceptingExecutorService.java:72)
	at java.util.concurrent.FutureTask.run(FutureTask.java:266)
	at java.util.concurrent.ThreadPoolExecutor.runWorker(ThreadPoolExecutor.java:1149)
	at java.util.concurrent.ThreadPoolExecutor$Worker.run(ThreadPoolExecutor.java:624)
	at java.lang.Thread.run(Thread.java:748)
Build step 'Deploy war/ear to a container' marked build as failure
Finished: FAILURE
